<?xml version="1.0" encoding="UTF-8"?>
<testsuite xmlns:xsi="http://www.w3.org/2001/XMLSchema-instance" xsi:noNamespaceSchemaLocation="https://maven.apache.org/surefire/maven-surefire-plugin/xsd/surefire-test-report.xsd" name="com.raz.crud.TransactionTests" time="0.063" tests="3" errors="0" skipped="0" failures="0">
  <properties>
[...]
</properties>
  <testcase name="testSaveNoTransaction" classname="com.raz.crud.TransactionTests" time="0.016"/>
  <testcase name="testSaveNoTransactionThenFailNoTransaction" classname="com.raz.crud.TransactionTests" time="0.028"/>
  <testcase name="testSaveNoTransactionThenFailWithTransaction" classname="com.raz.crud.TransactionTests" time="0.016"/>
</testsuite>